<?xml version="1.0" encoding="UTF-8"?>
<testng-results ignored="0" total="1" passed="1" failed="0" skipped="0">
  <reporter-output>
  </reporter-output>
  <suite started-at="2021-01-15T19:08:54 EST" name="Default suite" finished-at="2021-01-15T19:09:03 EST" duration-ms="8971">
    <groups>
    </groups>
    <test started-at="2021-01-15T19:08:54 EST" name="Default test" finished-at="2021-01-15T19:09:03 EST" duration-ms="8971">
      <class name="TestExamples.dynamiccControls">
        <test-method signature="dynamicontrol()[pri:0, instance:TestExamples.dynamiccControls@47eaca72]" started-at="2021-01-15T19:08:54 EST" name="dynamicontrol" finished-at="2021-01-15T19:09:03 EST" duration-ms="8926" status="PASS">
          <reporter-output>
          </reporter-output>
        </test-method> <!-- dynamicontrol -->
      </class> <!-- TestExamples.dynamiccControls -->
    </test> <!-- Default test -->
  </suite> <!-- Default suite -->
</testng-results>
